<?xml version="1.0" encoding="utf-8"?><testsuites name="pytest tests"><testsuite name="pytest" errors="0" failures="0" skipped="0" tests="5" time="0.665" timestamp="2026-05-03T06:31:52.435531+00:00" hostname="agent-env-beea6c2a-e211-4f8a-a759-4df8eb73b8ec"><testcase classname="backend.tests.test_tour" name="test_api_health" time="0.108" /><testcase classname="backend.tests.test_tour" name="test_tour_generate_missing_place" time="0.143" /><testcase classname="backend.tests.test_tour" name="test_tour_generate_invalid_days" time="0.102" /><testcase classname="backend.tests.test_tour" name="test_tour_generate_too_many_days" time="0.143" /><testcase classname="backend.tests.test_tour" name="test_tour_history" time="0.105" /></testsuite></testsuites>