<?xml version="1.0" encoding="utf-8"?><testsuites name="pytest tests"><testsuite name="pytest" errors="0" failures="0" skipped="0" tests="4" time="0.846" timestamp="2026-05-03T06:23:24.317705+00:00" hostname="agent-env-beea6c2a-e211-4f8a-a759-4df8eb73b8ec"><testcase classname="backend.tests.test_tour" name="test_api_health" time="0.235" /><testcase classname="backend.tests.test_tour" name="test_tour_generate_missing_place" time="0.189" /><testcase classname="backend.tests.test_tour" name="test_tour_generate_invalid_days" time="0.132" /><testcase classname="backend.tests.test_tour" name="test_tour_generate_too_many_days" time="0.143" /></testsuite></testsuites>